<?xml version="1.0" encoding="UTF-8"?>
<!-- Generated by org.testng.reporters.JUnitXMLReporter -->
<testsuite hostname="TYSS" ignored="1" name="Default test" tests="1" failures="0" timestamp="2019-09-27T06:51:45 IST" time="21.89" errors="0">
  <testcase name="testSortListBox" time="10.617" classname="scripts.TestScripts"/>
  <testcase name="testCreateEmployee" time="0.0" classname="scripts.TestScripts">
    <ignored/>
  </testcase> <!-- testCreateEmployee -->
</testsuite> <!-- Default test -->
