<?xml version="1.0" encoding="UTF-8"?>
<testng-results skipped="0" failed="0" ignored="1" total="2" passed="1">
  <reporter-output>
    <line>
      <![CDATA[Title is matchingOrangeHRM]]>
    </line>
    <line>
      <![CDATA[List  is sorted:Pass]]>
    </line>
  </reporter-output>
  <suite name="Suite" duration-ms="19404" started-at="2019-09-28T06:47:29 IST" finished-at="2019-09-28T06:47:49 IST">
    <groups>
    </groups>
    <test name="Test" duration-ms="19404" started-at="2019-09-28T06:47:29 IST" finished-at="2019-09-28T06:47:49 IST">
      <class name="scripts.TestScripts">
        <test-method status="PASS" signature="preCondition()[pri:0, instance:scripts.TestScripts@53f65459]" name="preCondition" is-config="true" duration-ms="7146" started-at="2019-09-28T06:47:29 IST" finished-at="2019-09-28T06:47:36 IST">
          <reporter-output>
          </reporter-output>
        </test-method> <!-- preCondition -->
        <test-method status="PASS" signature="testSortListBox()[pri:0, instance:scripts.TestScripts@53f65459]" name="testSortListBox" duration-ms="11916" started-at="2019-09-28T06:47:37 IST" finished-at="2019-09-28T06:47:48 IST">
          <reporter-output>
            <line>
              <![CDATA[Title is matchingOrangeHRM]]>
            </line>
            <line>
              <![CDATA[List  is sorted:Pass]]>
            </line>
          </reporter-output>
        </test-method> <!-- testSortListBox -->
        <test-method status="PASS" signature="postCondition()[pri:0, instance:scripts.TestScripts@53f65459]" name="postCondition" is-config="true" duration-ms="222" started-at="2019-09-28T06:47:48 IST" finished-at="2019-09-28T06:47:49 IST">
          <reporter-output>
          </reporter-output>
        </test-method> <!-- postCondition -->
      </class> <!-- scripts.TestScripts -->
    </test> <!-- Test -->
  </suite> <!-- Suite -->
</testng-results>
